# JRE version: Java(TM) SE Runtime Environment (17.0.3.1+2) (build 17.0.3.1+2-LTS-6)
# Java VM: Java HotSpot(TM) 64-Bit Server VM (17.0.3.1+2-LTS-6, mixed mode, sharing, tiered, compressed oops, compressed class ptrs, g1 gc, windows-amd64)
GC Precious Log:
 CPUs: 8 total, 8 available
 Memory: 16106M
 Large Page Support: Disabled
 NUMA Support: Disabled
 Compressed Oops: Enabled (Zero based)
 Heap Region Size: 2M
 Heap Min Capacity: 8M
 Heap Initial Capacity: 252M
 Heap Max Capacity: 4028M
 Pre-touch: Disabled
 Parallel Workers: 8
 Concurrent Workers: 2
 Concurrent Refinement Workers: 8
 Periodic GC: Disabled
Heap:
 garbage-first heap   total 110592K, used 68009K [0x0000000704400000, 0x0000000800000000)
  region size 2048K, 25 young (51200K), 4 survivors (8192K)
 Metaspace       used 63798K, committed 64256K, reserved 1105920K
  class space    used 8786K, committed 9024K, reserved 1048576K
GC Heap History (20 events):
Event: 4.132 GC heap before
{Heap before GC invocations=2 (full 0):
 garbage-first heap   total 258048K, used 73789K [0x0000000704400000, 0x0000000800000000)
  region size 2048K, 35 young (71680K), 1 survivors (2048K)
 Metaspace       used 21251K, committed 21504K, reserved 1073152K
  class space    used 2727K, committed 2880K, reserved 1048576K
}
Event: 4.143 GC heap after
{Heap after GC invocations=3 (full 0):
 garbage-first heap   total 258048K, used 12632K [0x0000000704400000, 0x0000000800000000)
  region size 2048K, 4 young (8192K), 4 survivors (8192K)
 Metaspace       used 21251K, committed 21504K, reserved 1073152K
  class space    used 2727K, committed 2880K, reserved 1048576K
}
Event: 5.117 GC heap before
{Heap before GC invocations=4 (full 0):
 garbage-first heap   total 61440K, used 41304K [0x0000000704400000, 0x0000000800000000)
  region size 2048K, 18 young (36864K), 4 survivors (8192K)
 Metaspace       used 25618K, committed 25984K, reserved 1073152K
  class space    used 3348K, committed 3520K, reserved 1048576K
}
Event: 5.124 GC heap after
{Heap after GC invocations=5 (full 0):
 garbage-first heap   total 61440K, used 14985K [0x0000000704400000, 0x0000000800000000)
  region size 2048K, 2 young (4096K), 2 survivors (4096K)
 Metaspace       used 25618K, committed 25984K, reserved 1073152K
  class space    used 3348K, committed 3520K, reserved 1048576K
}
Event: 5.178 GC heap before
{Heap before GC invocations=5 (full 0):
 garbage-first heap   total 61440K, used 14985K [0x0000000704400000, 0x0000000800000000)
  region size 2048K, 3 young (6144K), 2 survivors (4096K)
 Metaspace       used 26062K, committed 26432K, reserved 1073152K
  class space    used 3409K, committed 3584K, reserved 1048576K
}
Event: 5.182 GC heap after
{Heap after GC invocations=6 (full 0):
 garbage-first heap   total 61440K, used 15618K [0x0000000704400000, 0x0000000800000000)
  region size 2048K, 1 young (2048K), 1 survivors (2048K)
 Metaspace       used 26062K, committed 26432K, reserved 1073152K
  class space    used 3409K, committed 3584K, reserved 1048576K
}
Event: 5.697 GC heap before
{Heap before GC invocations=6 (full 0):
 garbage-first heap   total 61440K, used 40194K [0x0000000704400000, 0x0000000800000000)
  region size 2048K, 13 young (26624K), 1 survivors (2048K)
 Metaspace       used 30628K, committed 31040K, reserved 1081344K
  class space    used 4258K, committed 4416K, reserved 1048576K
}
Event: 5.701 GC heap after
{Heap after GC invocations=7 (full 0):
 garbage-first heap   total 61440K, used 16284K [0x0000000704400000, 0x0000000800000000)
  region size 2048K, 1 young (2048K), 1 survivors (2048K)
 Metaspace       used 30628K, committed 31040K, reserved 1081344K
  class space    used 4258K, committed 4416K, reserved 1048576K
}
Event: 6.330 GC heap before
{Heap before GC invocations=7 (full 0):
 garbage-first heap   total 61440K, used 40860K [0x0000000704400000, 0x0000000800000000)
  region size 2048K, 14 young (28672K), 1 survivors (2048K)
 Metaspace       used 34700K, committed 35136K, reserved 1081344K
  class space    used 4793K, committed 4992K, reserved 1048576K
}
Event: 6.336 GC heap after
{Heap after GC invocations=8 (full 0):
 garbage-first heap   total 61440K, used 18342K [0x0000000704400000, 0x0000000800000000)
  region size 2048K, 2 young (4096K), 2 survivors (4096K)
 Metaspace       used 34700K, committed 35136K, reserved 1081344K
  class space    used 4793K, committed 4992K, reserved 1048576K
}
Event: 6.430 GC heap before
{Heap before GC invocations=8 (full 0):
 garbage-first heap   total 61440K, used 20390K [0x0000000704400000, 0x0000000800000000)
  region size 2048K, 4 young (8192K), 2 survivors (4096K)
 Metaspace       used 35670K, committed 35968K, reserved 1081344K
  class space    used 4913K, committed 5056K, reserved 1048576K
}
Event: 6.435 GC heap after
{Heap after GC invocations=9 (full 0):
 garbage-first heap   total 61440K, used 19413K [0x0000000704400000, 0x0000000800000000)
  region size 2048K, 2 young (4096K), 2 survivors (4096K)
 Metaspace       used 35670K, committed 35968K, reserved 1081344K
  class space    used 4913K, committed 5056K, reserved 1048576K
}
Event: 6.969 GC heap before
{Heap before GC invocations=10 (full 0):
 garbage-first heap   total 61440K, used 41941K [0x0000000704400000, 0x0000000800000000)
  region size 2048K, 13 young (26624K), 2 survivors (4096K)
 Metaspace       used 41816K, committed 42240K, reserved 1089536K
  class space    used 5655K, committed 5888K, reserved 1048576K
}
Event: 6.975 GC heap after
{Heap after GC invocations=11 (full 0):
 garbage-first heap   total 61440K, used 20419K [0x0000000704400000, 0x0000000800000000)
  region size 2048K, 2 young (4096K), 2 survivors (4096K)
 Metaspace       used 41816K, committed 42240K, reserved 1089536K
  class space    used 5655K, committed 5888K, reserved 1048576K
}
Event: 7.285 GC heap before
{Heap before GC invocations=11 (full 0):
 garbage-first heap   total 61440K, used 42947K [0x0000000704400000, 0x0000000800000000)
  region size 2048K, 13 young (26624K), 2 survivors (4096K)
 Metaspace       used 44727K, committed 45120K, reserved 1089536K
  class space    used 6077K, committed 6272K, reserved 1048576K
}
Event: 7.288 GC heap after
{Heap after GC invocations=12 (full 0):
 garbage-first heap   total 61440K, used 21500K [0x0000000704400000, 0x0000000800000000)
  region size 2048K, 2 young (4096K), 2 survivors (4096K)
 Metaspace       used 44727K, committed 45120K, reserved 1089536K
  class space    used 6077K, committed 6272K, reserved 1048576K
}
Event: 7.687 GC heap before
{Heap before GC invocations=12 (full 0):
 garbage-first heap   total 61440K, used 41980K [0x0000000704400000, 0x0000000800000000)
  region size 2048K, 13 young (26624K), 2 survivors (4096K)
 Metaspace       used 48839K, committed 49216K, reserved 1097728K
  class space    used 6597K, committed 6784K, reserved 1048576K
}
Event: 7.691 GC heap after
{Heap after GC invocations=13 (full 0):
 garbage-first heap   total 159744K, used 22217K [0x0000000704400000, 0x0000000800000000)
  region size 2048K, 1 young (2048K), 1 survivors (2048K)
 Metaspace       used 48839K, committed 49216K, reserved 1097728K
  class space    used 6597K, committed 6784K, reserved 1048576K
}
Event: 9.205 GC heap before
{Heap before GC invocations=13 (full 0):
 garbage-first heap   total 159744K, used 102089K [0x0000000704400000, 0x0000000800000000)
  region size 2048K, 41 young (83968K), 1 survivors (2048K)
 Metaspace       used 59965K, committed 60416K, reserved 1105920K
  class space    used 8155K, committed 8384K, reserved 1048576K
}
Event: 9.216 GC heap after
{Heap after GC invocations=14 (full 0):
 garbage-first heap   total 159744K, used 27049K [0x0000000704400000, 0x0000000800000000)
  region size 2048K, 4 young (8192K), 4 survivors (8192K)
 Metaspace       used 59965K, committed 60416K, reserved 1105920K
  class space    used 8155K, committed 8384K, reserved 1048576K
}

